"pkg-config --exists libffi"
package configuration for libffi is not found
have_header: checking for ffi.h... -------------------- no

"gcc -o conftest -I/home/pc/.rbenv/versions/2.5.5/include/ruby-2.5.0/x86_64-linux -I/home/pc/.rbenv/versions/2.5.5/include/ruby-2.5.0/ruby/backward -I/home/pc/.rbenv/versions/2.5.5/include/ruby-2.5.0 -I. -I/home/pc/.rbenv/versions/2.5.5/include    -O3 -ggdb3 -Wall -Wextra -Wno-unused-parameter -Wno-parentheses -Wno-long-long -Wno-missing-field-initializers -Wno-tautological-compare -Wno-parentheses-equality -Wno-constant-logical-operand -Wno-self-assign -Wunused-variable -Wimplicit-int -Wpointer-arith -Wwrite-strings -Wdeclaration-after-statement -Wimplicit-function-declaration -Wdeprecated-declarations -Wmisleading-indentation -Wno-packed-bitfield-compat -Wsuggest-attribute=noreturn -Wsuggest-attribute=format -Wimplicit-fallthrough=0 -Wduplicated-cond -Wrestrict conftest.c  -L. -L/home/pc/.rbenv/versions/2.5.5/lib -Wl,-rpath,/home/pc/.rbenv/versions/2.5.5/lib -L. -L/home/pc/.rbenv/versions/2.5.5/lib  -fstack-protector -rdynamic -Wl,-export-dynamic     -Wl,-rpath,/home/pc/.rbenv/versions/2.5.5/lib -L/home/pc/.rbenv/versions/2.5.5/lib -lruby-static  -lpthread -ldl -lcrypt -lm   -lc"
checked program was:
/* begin */
1: #include "ruby.h"
2: 
3: int main(int argc, char **argv)
4: {
5:   return 0;
6: }
/* end */

"gcc -E -I/home/pc/.rbenv/versions/2.5.5/include/ruby-2.5.0/x86_64-linux -I/home/pc/.rbenv/versions/2.5.5/include/ruby-2.5.0/ruby/backward -I/home/pc/.rbenv/versions/2.5.5/include/ruby-2.5.0 -I. -I/home/pc/.rbenv/versions/2.5.5/include    -O3 -ggdb3 -Wall -Wextra -Wno-unused-parameter -Wno-parentheses -Wno-long-long -Wno-missing-field-initializers -Wno-tautological-compare -Wno-parentheses-equality -Wno-constant-logical-operand -Wno-self-assign -Wunused-variable -Wimplicit-int -Wpointer-arith -Wwrite-strings -Wdeclaration-after-statement -Wimplicit-function-declaration -Wdeprecated-declarations -Wmisleading-indentation -Wno-packed-bitfield-compat -Wsuggest-attribute=noreturn -Wsuggest-attribute=format -Wimplicit-fallthrough=0 -Wduplicated-cond -Wrestrict  conftest.c -o conftest.i"
conftest.c:3:10: fatal error: ffi.h: そのようなファイルやディレクトリはありません
 #include <ffi.h>
          ^~~~~~~
compilation terminated.
checked program was:
/* begin */
1: #include "ruby.h"
2: 
3: #include <ffi.h>
/* end */

--------------------

find_header: checking for ffi.h in /usr/local/include,/usr/include/ffi,/Library/Developer/CommandLineTools/SDKs/MacOSX.sdk/usr/include/ffi,/Applications/Xcode.app/Contents/Developer/Platforms/MacOSX.platform/Developer/SDKs/MacOSX.sdk/usr/include/ffi... -------------------- no

"gcc -E -I/home/pc/.rbenv/versions/2.5.5/include/ruby-2.5.0/x86_64-linux -I/home/pc/.rbenv/versions/2.5.5/include/ruby-2.5.0/ruby/backward -I/home/pc/.rbenv/versions/2.5.5/include/ruby-2.5.0 -I. -I/home/pc/.rbenv/versions/2.5.5/include    -O3 -ggdb3 -Wall -Wextra -Wno-unused-parameter -Wno-parentheses -Wno-long-long -Wno-missing-field-initializers -Wno-tautological-compare -Wno-parentheses-equality -Wno-constant-logical-operand -Wno-self-assign -Wunused-variable -Wimplicit-int -Wpointer-arith -Wwrite-strings -Wdeclaration-after-statement -Wimplicit-function-declaration -Wdeprecated-declarations -Wmisleading-indentation -Wno-packed-bitfield-compat -Wsuggest-attribute=noreturn -Wsuggest-attribute=format -Wimplicit-fallthrough=0 -Wduplicated-cond -Wrestrict  conftest.c -o conftest.i"
conftest.c:3:10: fatal error: ffi.h: そのようなファイルやディレクトリはありません
 #include <ffi.h>
          ^~~~~~~
compilation terminated.
checked program was:
/* begin */
1: #include "ruby.h"
2: 
3: #include <ffi.h>
/* end */

"gcc -E -I/home/pc/.rbenv/versions/2.5.5/include/ruby-2.5.0/x86_64-linux -I/home/pc/.rbenv/versions/2.5.5/include/ruby-2.5.0/ruby/backward -I/home/pc/.rbenv/versions/2.5.5/include/ruby-2.5.0 -I. -I/home/pc/.rbenv/versions/2.5.5/include    -O3 -ggdb3 -Wall -Wextra -Wno-unused-parameter -Wno-parentheses -Wno-long-long -Wno-missing-field-initializers -Wno-tautological-compare -Wno-parentheses-equality -Wno-constant-logical-operand -Wno-self-assign -Wunused-variable -Wimplicit-int -Wpointer-arith -Wwrite-strings -Wdeclaration-after-statement -Wimplicit-function-declaration -Wdeprecated-declarations -Wmisleading-indentation -Wno-packed-bitfield-compat -Wsuggest-attribute=noreturn -Wsuggest-attribute=format -Wimplicit-fallthrough=0 -Wduplicated-cond -Wrestrict -I/usr/local/include conftest.c -o conftest.i"
conftest.c:3:10: fatal error: ffi.h: そのようなファイルやディレクトリはありません
 #include <ffi.h>
          ^~~~~~~
compilation terminated.
checked program was:
/* begin */
1: #include "ruby.h"
2: 
3: #include <ffi.h>
/* end */

"gcc -E -I/home/pc/.rbenv/versions/2.5.5/include/ruby-2.5.0/x86_64-linux -I/home/pc/.rbenv/versions/2.5.5/include/ruby-2.5.0/ruby/backward -I/home/pc/.rbenv/versions/2.5.5/include/ruby-2.5.0 -I. -I/home/pc/.rbenv/versions/2.5.5/include    -O3 -ggdb3 -Wall -Wextra -Wno-unused-parameter -Wno-parentheses -Wno-long-long -Wno-missing-field-initializers -Wno-tautological-compare -Wno-parentheses-equality -Wno-constant-logical-operand -Wno-self-assign -Wunused-variable -Wimplicit-int -Wpointer-arith -Wwrite-strings -Wdeclaration-after-statement -Wimplicit-function-declaration -Wdeprecated-declarations -Wmisleading-indentation -Wno-packed-bitfield-compat -Wsuggest-attribute=noreturn -Wsuggest-attribute=format -Wimplicit-fallthrough=0 -Wduplicated-cond -Wrestrict -I/usr/include/ffi conftest.c -o conftest.i"
conftest.c:3:10: fatal error: ffi.h: そのようなファイルやディレクトリはありません
 #include <ffi.h>
          ^~~~~~~
compilation terminated.
checked program was:
/* begin */
1: #include "ruby.h"
2: 
3: #include <ffi.h>
/* end */

"gcc -E -I/home/pc/.rbenv/versions/2.5.5/include/ruby-2.5.0/x86_64-linux -I/home/pc/.rbenv/versions/2.5.5/include/ruby-2.5.0/ruby/backward -I/home/pc/.rbenv/versions/2.5.5/include/ruby-2.5.0 -I. -I/home/pc/.rbenv/versions/2.5.5/include    -O3 -ggdb3 -Wall -Wextra -Wno-unused-parameter -Wno-parentheses -Wno-long-long -Wno-missing-field-initializers -Wno-tautological-compare -Wno-parentheses-equality -Wno-constant-logical-operand -Wno-self-assign -Wunused-variable -Wimplicit-int -Wpointer-arith -Wwrite-strings -Wdeclaration-after-statement -Wimplicit-function-declaration -Wdeprecated-declarations -Wmisleading-indentation -Wno-packed-bitfield-compat -Wsuggest-attribute=noreturn -Wsuggest-attribute=format -Wimplicit-fallthrough=0 -Wduplicated-cond -Wrestrict -I/Library/Developer/CommandLineTools/SDKs/MacOSX.sdk/usr/include/ffi conftest.c -o conftest.i"
conftest.c:3:10: fatal error: ffi.h: そのようなファイルやディレクトリはありません
 #include <ffi.h>
          ^~~~~~~
compilation terminated.
checked program was:
/* begin */
1: #include "ruby.h"
2: 
3: #include <ffi.h>
/* end */

"gcc -E -I/home/pc/.rbenv/versions/2.5.5/include/ruby-2.5.0/x86_64-linux -I/home/pc/.rbenv/versions/2.5.5/include/ruby-2.5.0/ruby/backward -I/home/pc/.rbenv/versions/2.5.5/include/ruby-2.5.0 -I. -I/home/pc/.rbenv/versions/2.5.5/include    -O3 -ggdb3 -Wall -Wextra -Wno-unused-parameter -Wno-parentheses -Wno-long-long -Wno-missing-field-initializers -Wno-tautological-compare -Wno-parentheses-equality -Wno-constant-logical-operand -Wno-self-assign -Wunused-variable -Wimplicit-int -Wpointer-arith -Wwrite-strings -Wdeclaration-after-statement -Wimplicit-function-declaration -Wdeprecated-declarations -Wmisleading-indentation -Wno-packed-bitfield-compat -Wsuggest-attribute=noreturn -Wsuggest-attribute=format -Wimplicit-fallthrough=0 -Wduplicated-cond -Wrestrict -I/Applications/Xcode.app/Contents/Developer/Platforms/MacOSX.platform/Developer/SDKs/MacOSX.sdk/usr/include/ffi conftest.c -o conftest.i"
conftest.c:3:10: fatal error: ffi.h: そのようなファイルやディレクトリはありません
 #include <ffi.h>
          ^~~~~~~
compilation terminated.
checked program was:
/* begin */
1: #include "ruby.h"
2: 
3: #include <ffi.h>
/* end */

--------------------

block in append_ldflags: checking for whether -Wl,--exclude-libs,ALL is accepted as LDFLAGS... -------------------- yes

"gcc -o conftest -I/home/pc/.rbenv/versions/2.5.5/include/ruby-2.5.0/x86_64-linux -I/home/pc/.rbenv/versions/2.5.5/include/ruby-2.5.0/ruby/backward -I/home/pc/.rbenv/versions/2.5.5/include/ruby-2.5.0 -I. -I/home/pc/.rbenv/versions/2.5.5/include    -O3 -ggdb3 -Wall -Wextra -Wno-unused-parameter -Wno-parentheses -Wno-long-long -Wno-missing-field-initializers -Wno-tautological-compare -Wno-parentheses-equality -Wno-constant-logical-operand -Wno-self-assign -Wunused-variable -Wimplicit-int -Wpointer-arith -Wwrite-strings -Wdeclaration-after-statement -Wimplicit-function-declaration -Wdeprecated-declarations -Wmisleading-indentation -Wno-packed-bitfield-compat -Wsuggest-attribute=noreturn -Wsuggest-attribute=format -Wimplicit-fallthrough=0 -Wduplicated-cond -Wrestrict conftest.c  -L. -L/home/pc/.rbenv/versions/2.5.5/lib -Wl,-rpath,/home/pc/.rbenv/versions/2.5.5/lib -L. -L/home/pc/.rbenv/versions/2.5.5/lib  -fstack-protector -rdynamic -Wl,-export-dynamic     -Wl,-rpath,/home/pc/.rbenv/versions/2.5.5/lib -L/home/pc/.rbenv/versions/2.5.5/lib -lruby-static -Wl,--exclude-libs,ALL -lpthread -ldl -lcrypt -lm   -lc"
checked program was:
/* begin */
1: #include "ruby.h"
2: 
3: int main(int argc, char **argv)
4: {
5:   return 0;
6: }
/* end */

--------------------

extconf.h is:
/* begin */
1: #ifndef EXTCONF_H
2: #define EXTCONF_H
3: #define HAVE_FFI_PREP_CIF_VAR 1
4: #define USE_INTERNAL_LIBFFI 1
5: #endif
/* end */

